2016-09-20 16:55:57,967 - Log4JLogChute initialized using file 'velocity.log'
2016-09-20 16:55:57,968 - Starting Apache Velocity v1.6.4 (compiled: 2010-04-27 15:31:23)
2016-09-20 16:55:57,968 - Default Properties File: org/apache/velocity/runtime/defaults/velocity.properties
2016-09-20 16:55:57,968 - Trying to use logger class org.apache.velocity.runtime.log.AvalonLogChute
2016-09-20 16:55:57,968 - Target log system for org.apache.velocity.runtime.log.AvalonLogChute is not available (java.lang.NoClassDefFoundError: org/apache/log/format/Formatter).  Falling back to next log system...
2016-09-20 16:55:57,968 - Trying to use logger class org.apache.velocity.runtime.log.Log4JLogChute
2016-09-20 16:55:57,968 - Using logger class org.apache.velocity.runtime.log.Log4JLogChute
2016-09-20 16:55:57,979 - ResourceLoader instantiated: org.apache.velocity.runtime.resource.loader.ClasspathResourceLoader
2016-09-20 16:55:58,039 - ResourceCache: initialized (class org.apache.velocity.runtime.resource.ResourceCacheImpl) with class java.util.Collections$SynchronizedMap cache map.
2016-09-20 16:55:58,046 - Loaded System Directive: org.apache.velocity.runtime.directive.Define
2016-09-20 16:55:58,048 - Loaded System Directive: org.apache.velocity.runtime.directive.Break
2016-09-20 16:55:58,049 - Loaded System Directive: org.apache.velocity.runtime.directive.Evaluate
2016-09-20 16:55:58,050 - Loaded System Directive: org.apache.velocity.runtime.directive.Literal
2016-09-20 16:55:58,052 - Loaded System Directive: org.apache.velocity.runtime.directive.Macro
2016-09-20 16:55:58,053 - Loaded System Directive: org.apache.velocity.runtime.directive.Parse
2016-09-20 16:55:58,059 - Loaded System Directive: org.apache.velocity.runtime.directive.Include
2016-09-20 16:55:58,061 - Loaded System Directive: org.apache.velocity.runtime.directive.Foreach
2016-09-20 16:55:58,068 - Velocity was not initialized! Calling init()...
2016-09-20 16:55:58,111 - Velocity was not initialized! Calling init()...
2016-09-20 16:55:58,111 - Velocity was not initialized! Calling init()...
2016-09-20 16:55:58,111 - Velocity was not initialized! Calling init()...
2016-09-20 16:55:58,112 - Velocity was not initialized! Calling init()...
2016-09-20 16:55:58,112 - Velocity was not initialized! Calling init()...
2016-09-20 16:55:58,112 - Velocity was not initialized! Calling init()...
2016-09-20 16:55:58,112 - Velocity was not initialized! Calling init()...
2016-09-20 16:55:58,112 - Velocity was not initialized! Calling init()...
2016-09-20 16:55:58,112 - Velocity was not initialized! Calling init()...
2016-09-20 16:55:58,112 - Velocity was not initialized! Calling init()...
2016-09-20 16:55:58,113 - Velocity was not initialized! Calling init()...
2016-09-20 16:55:58,113 - Velocity was not initialized! Calling init()...
2016-09-20 16:55:58,113 - Velocity was not initialized! Calling init()...
2016-09-20 16:55:58,113 - Velocity was not initialized! Calling init()...
2016-09-20 16:55:58,113 - Velocity was not initialized! Calling init()...
2016-09-20 16:55:58,114 - Velocity was not initialized! Calling init()...
2016-09-20 16:55:58,114 - Velocity was not initialized! Calling init()...
2016-09-20 16:55:58,114 - Velocity was not initialized! Calling init()...
2016-09-20 16:55:58,114 - Velocity was not initialized! Calling init()...
2016-09-20 16:55:58,114 - Created '20' parsers.
2016-09-20 16:55:58,131 - Velocimacro : "velocimacro.library" is not set.  Trying default library: VM_global_library.vm
2016-09-20 16:55:58,131 - Velocity was not initialized! Calling init()...
2016-09-20 16:55:58,134 - Could not load resource 'VM_global_library.vm' from ResourceLoader org.apache.velocity.runtime.resource.loader.ClasspathResourceLoader: 
org.apache.velocity.exception.ResourceNotFoundException: ClasspathResourceLoader Error: cannot find resource VM_global_library.vm
	at org.apache.velocity.runtime.resource.loader.ClasspathResourceLoader.getResourceStream(ClasspathResourceLoader.java:131)
	at org.apache.velocity.runtime.resource.loader.ResourceLoader.resourceExists(ResourceLoader.java:224)
	at org.apache.velocity.runtime.resource.ResourceManagerImpl.getLoaderForResource(ResourceManagerImpl.java:641)
	at org.apache.velocity.runtime.resource.ResourceManagerImpl.getLoaderNameForResource(ResourceManagerImpl.java:624)
	at org.apache.velocity.runtime.RuntimeInstance.getLoaderNameForResource(RuntimeInstance.java:1464)
	at org.apache.velocity.runtime.VelocimacroFactory.initVelocimacro(VelocimacroFactory.java:159)
	at org.apache.velocity.runtime.RuntimeInstance.init(RuntimeInstance.java:261)
	at org.apache.velocity.runtime.RuntimeInstance.init(RuntimeInstance.java:589)
	at org.apache.velocity.app.VelocityEngine.init(VelocityEngine.java:135)
	at com.alibaba.bcp.sdk.main.VelocityTemplateEngine.<clinit>(VelocityTemplateEngine.java:33)
	at com.alibaba.bcp.sdk.main.Bootstrap.exportRule(Bootstrap.java:39)
	at com.alibaba.bcp.sdk.main.Bootstrap.generateRule(Bootstrap.java:98)
	at com.BCPBootstrap.main(BCPBootstrap.java:11)
	at sun.reflect.NativeMethodAccessorImpl.invoke0(Native Method)
	at sun.reflect.NativeMethodAccessorImpl.invoke(NativeMethodAccessorImpl.java:62)
	at sun.reflect.DelegatingMethodAccessorImpl.invoke(DelegatingMethodAccessorImpl.java:43)
	at java.lang.reflect.Method.invoke(Method.java:498)
	at com.intellij.rt.execution.application.AppMain.main(AppMain.java:147)
2016-09-20 16:55:58,140 - Velocimacro : Default library not found.
2016-09-20 16:55:58,140 - Velocimacro : allowInline = true : VMs can be defined inline in templates
2016-09-20 16:55:58,140 - Velocimacro : allowInlineToOverride = false : VMs defined inline may NOT replace previous VM definitions
2016-09-20 16:55:58,140 - Velocimacro : allowInlineLocal = false : VMs defined inline will be global in scope if allowed.
2016-09-20 16:55:58,140 - Velocimacro : autoload off : VM system will not automatically reload global library macros
2016-09-20 16:55:58,160 - ResourceManager : found template/default.vm with loader org.apache.velocity.runtime.resource.loader.ClasspathResourceLoader
2016-09-20 16:55:58,172 - ResourceManager : found template/default.vm with loader org.apache.velocity.runtime.resource.loader.ClasspathResourceLoader
2016-09-20 17:27:31,037 - Log4JLogChute initialized using file 'velocity.log'
2016-09-20 17:27:31,040 - Starting Apache Velocity v1.6.4 (compiled: 2010-04-27 15:31:23)
2016-09-20 17:27:31,040 - Default Properties File: org/apache/velocity/runtime/defaults/velocity.properties
2016-09-20 17:27:31,040 - Trying to use logger class org.apache.velocity.runtime.log.AvalonLogChute
2016-09-20 17:27:31,040 - Target log system for org.apache.velocity.runtime.log.AvalonLogChute is not available (java.lang.NoClassDefFoundError: org/apache/log/format/Formatter).  Falling back to next log system...
2016-09-20 17:27:31,040 - Trying to use logger class org.apache.velocity.runtime.log.Log4JLogChute
2016-09-20 17:27:31,040 - Using logger class org.apache.velocity.runtime.log.Log4JLogChute
2016-09-20 17:27:31,044 - ResourceLoader instantiated: org.apache.velocity.runtime.resource.loader.ClasspathResourceLoader
2016-09-20 17:27:31,103 - ResourceCache: initialized (class org.apache.velocity.runtime.resource.ResourceCacheImpl) with class java.util.Collections$SynchronizedMap cache map.
2016-09-20 17:27:31,108 - Loaded System Directive: org.apache.velocity.runtime.directive.Define
2016-09-20 17:27:31,110 - Loaded System Directive: org.apache.velocity.runtime.directive.Break
2016-09-20 17:27:31,111 - Loaded System Directive: org.apache.velocity.runtime.directive.Evaluate
2016-09-20 17:27:31,112 - Loaded System Directive: org.apache.velocity.runtime.directive.Literal
2016-09-20 17:27:31,114 - Loaded System Directive: org.apache.velocity.runtime.directive.Macro
2016-09-20 17:27:31,118 - Loaded System Directive: org.apache.velocity.runtime.directive.Parse
2016-09-20 17:27:31,120 - Loaded System Directive: org.apache.velocity.runtime.directive.Include
2016-09-20 17:27:31,123 - Loaded System Directive: org.apache.velocity.runtime.directive.Foreach
2016-09-20 17:27:31,130 - Velocity was not initialized! Calling init()...
2016-09-20 17:27:31,169 - Velocity was not initialized! Calling init()...
2016-09-20 17:27:31,170 - Velocity was not initialized! Calling init()...
2016-09-20 17:27:31,170 - Velocity was not initialized! Calling init()...
2016-09-20 17:27:31,170 - Velocity was not initialized! Calling init()...
2016-09-20 17:27:31,170 - Velocity was not initialized! Calling init()...
2016-09-20 17:27:31,170 - Velocity was not initialized! Calling init()...
2016-09-20 17:27:31,170 - Velocity was not initialized! Calling init()...
2016-09-20 17:27:31,170 - Velocity was not initialized! Calling init()...
2016-09-20 17:27:31,170 - Velocity was not initialized! Calling init()...
2016-09-20 17:27:31,171 - Velocity was not initialized! Calling init()...
2016-09-20 17:27:31,171 - Velocity was not initialized! Calling init()...
2016-09-20 17:27:31,171 - Velocity was not initialized! Calling init()...
2016-09-20 17:27:31,171 - Velocity was not initialized! Calling init()...
2016-09-20 17:27:31,171 - Velocity was not initialized! Calling init()...
2016-09-20 17:27:31,171 - Velocity was not initialized! Calling init()...
2016-09-20 17:27:31,171 - Velocity was not initialized! Calling init()...
2016-09-20 17:27:31,172 - Velocity was not initialized! Calling init()...
2016-09-20 17:27:31,172 - Velocity was not initialized! Calling init()...
2016-09-20 17:27:31,172 - Velocity was not initialized! Calling init()...
2016-09-20 17:27:31,172 - Created '20' parsers.
2016-09-20 17:27:31,189 - Velocimacro : "velocimacro.library" is not set.  Trying default library: VM_global_library.vm
2016-09-20 17:27:31,189 - Velocity was not initialized! Calling init()...
2016-09-20 17:27:31,192 - Could not load resource 'VM_global_library.vm' from ResourceLoader org.apache.velocity.runtime.resource.loader.ClasspathResourceLoader: 
org.apache.velocity.exception.ResourceNotFoundException: ClasspathResourceLoader Error: cannot find resource VM_global_library.vm
	at org.apache.velocity.runtime.resource.loader.ClasspathResourceLoader.getResourceStream(ClasspathResourceLoader.java:131)
	at org.apache.velocity.runtime.resource.loader.ResourceLoader.resourceExists(ResourceLoader.java:224)
	at org.apache.velocity.runtime.resource.ResourceManagerImpl.getLoaderForResource(ResourceManagerImpl.java:641)
	at org.apache.velocity.runtime.resource.ResourceManagerImpl.getLoaderNameForResource(ResourceManagerImpl.java:624)
	at org.apache.velocity.runtime.RuntimeInstance.getLoaderNameForResource(RuntimeInstance.java:1464)
	at org.apache.velocity.runtime.VelocimacroFactory.initVelocimacro(VelocimacroFactory.java:159)
	at org.apache.velocity.runtime.RuntimeInstance.init(RuntimeInstance.java:261)
	at org.apache.velocity.runtime.RuntimeInstance.init(RuntimeInstance.java:589)
	at org.apache.velocity.app.VelocityEngine.init(VelocityEngine.java:135)
	at com.alibaba.bcp.sdk.main.VelocityTemplateEngine.<clinit>(VelocityTemplateEngine.java:33)
	at com.alibaba.bcp.sdk.main.Bootstrap.generateJingweiEvent(Bootstrap.java:117)
	at com.BCPBootstrap.main(BCPBootstrap.java:11)
	at sun.reflect.NativeMethodAccessorImpl.invoke0(Native Method)
	at sun.reflect.NativeMethodAccessorImpl.invoke(NativeMethodAccessorImpl.java:62)
	at sun.reflect.DelegatingMethodAccessorImpl.invoke(DelegatingMethodAccessorImpl.java:43)
	at java.lang.reflect.Method.invoke(Method.java:498)
	at com.intellij.rt.execution.application.AppMain.main(AppMain.java:147)
2016-09-20 17:27:31,199 - Velocimacro : Default library not found.
2016-09-20 17:27:31,199 - Velocimacro : allowInline = true : VMs can be defined inline in templates
2016-09-20 17:27:31,200 - Velocimacro : allowInlineToOverride = false : VMs defined inline may NOT replace previous VM definitions
2016-09-20 17:27:31,200 - Velocimacro : allowInlineLocal = false : VMs defined inline will be global in scope if allowed.
2016-09-20 17:27:31,200 - Velocimacro : autoload off : VM system will not automatically reload global library macros
2016-09-20 17:27:31,225 - ResourceManager : found event/jingwei.vm with loader org.apache.velocity.runtime.resource.loader.ClasspathResourceLoader
